
> @figma/my-make-file@0.0.1 build /vercel/sandbox/primary
> next build

  ▲ Next.js 14.2.35
  - Environments: .env.local

   Creating an optimized production build ...
 ✓ Compiled successfully
   Linting and checking validity of types ...
   Collecting page data ...
   Generating static pages (0/16) ...
   Generating static pages (4/16) 
Error fetching market_offers: {
  message: 'TypeError: fetch failed',
  details: 'TypeError: fetch failed\n' +
    '\n' +
    'Caused by: Error: getaddrinfo ENOTFOUND example.supabase.co (ENOTFOUND)\n' +
    'Error: getaddrinfo ENOTFOUND example.supabase.co\n' +
    '    at GetAddrInfoReqWrap.onlookupall [as oncomplete] (node:dns:122:26)\n' +
    '    at GetAddrInfoReqWrap.callbackTrampoline (node:internal/async_hooks:130:17)',
  hint: '',
  code: ''
}
Error fetching channel provider count: {
  message: 'TypeError: fetch failed',
  details: 'TypeError: fetch failed\n' +
    '\n' +
    'Caused by: Error: getaddrinfo ENOTFOUND example.supabase.co (ENOTFOUND)\n' +
    'Error: getaddrinfo ENOTFOUND example.supabase.co\n' +
    '    at GetAddrInfoReqWrap.onlookupall [as oncomplete] (node:dns:122:26)\n' +
    '    at GetAddrInfoReqWrap.callbackTrampoline (node:internal/async_hooks:130:17)',
  hint: '',
  code: ''
}
Error fetching market_offers: {
  message: 'TypeError: fetch failed',
  details: 'TypeError: fetch failed\n' +
    '\n' +
    'Caused by: Error: getaddrinfo ENOTFOUND example.supabase.co (ENOTFOUND)\n' +
    'Error: getaddrinfo ENOTFOUND example.supabase.co\n' +
    '    at GetAddrInfoReqWrap.onlookupall [as oncomplete] (node:dns:122:26)\n' +
    '    at GetAddrInfoReqWrap.callbackTrampoline (node:internal/async_hooks:130:17)',
  hint: '',
  code: ''
}
Error fetching channel provider count: {
  message: 'TypeError: fetch failed',
  details: 'TypeError: fetch failed\n' +
    '\n' +
    'Caused by: Error: getaddrinfo ENOTFOUND example.supabase.co (ENOTFOUND)\n' +
    'Error: getaddrinfo ENOTFOUND example.supabase.co\n' +
    '    at GetAddrInfoReqWrap.onlookupall [as oncomplete] (node:dns:122:26)\n' +
    '    at GetAddrInfoReqWrap.callbackTrampoline (node:internal/async_hooks:130:17)',
  hint: '',
  code: ''
}
Error fetching market offers for channels: {
  message: 'TypeError: fetch failed',
  details: 'TypeError: fetch failed\n' +
    '\n' +
    'Caused by: Error: getaddrinfo ENOTFOUND example.supabase.co (ENOTFOUND)\n' +
    'Error: getaddrinfo ENOTFOUND example.supabase.co\n' +
    '    at GetAddrInfoReqWrap.onlookupall [as oncomplete] (node:dns:122:26)\n' +
    '    at GetAddrInfoReqWrap.callbackTrampoline (node:internal/async_hooks:130:17)',
  hint: '',
  code: ''
}
Error fetching active channels: {
  message: 'TypeError: fetch failed',
  details: 'TypeError: fetch failed\n' +
    '\n' +
    'Caused by: Error: getaddrinfo ENOTFOUND example.supabase.co (ENOTFOUND)\n' +
    'Error: getaddrinfo ENOTFOUND example.supabase.co\n' +
    '    at GetAddrInfoReqWrap.onlookupall [as oncomplete] (node:dns:122:26)\n' +
    '    at GetAddrInfoReqWrap.callbackTrampoline (node:internal/async_hooks:130:17)',
  hint: '',
  code: ''
}
Error fetching market offers for channels: {
  message: 'TypeError: fetch failed',
  details: 'TypeError: fetch failed\n' +
    '\n' +
    'Caused by: Error: getaddrinfo ENOTFOUND example.supabase.co (ENOTFOUND)\n' +
    'Error: getaddrinfo ENOTFOUND example.supabase.co\n' +
    '    at GetAddrInfoReqWrap.onlookupall [as oncomplete] (node:dns:122:26)\n' +
    '    at GetAddrInfoReqWrap.callbackTrampoline (node:internal/async_hooks:130:17)',
  hint: '',
  code: ''
}
Error fetching active channels: {
  message: 'TypeError: fetch failed',
  details: 'TypeError: fetch failed\n' +
    '\n' +
    'Caused by: Error: getaddrinfo ENOTFOUND example.supabase.co (ENOTFOUND)\n' +
    'Error: getaddrinfo ENOTFOUND example.supabase.co\n' +
    '    at GetAddrInfoReqWrap.onlookupall [as oncomplete] (node:dns:122:26)\n' +
    '    at GetAddrInfoReqWrap.callbackTrampoline (node:internal/async_hooks:130:17)',
  hint: '',
  code: ''
}
   Generating static pages (8/16) 
Error fetching channel provider count: {
  message: 'TypeError: fetch failed',
  details: 'TypeError: fetch failed\n' +
    '\n' +
    'Caused by: Error: getaddrinfo ENOTFOUND example.supabase.co (ENOTFOUND)\n' +
    'Error: getaddrinfo ENOTFOUND example.supabase.co\n' +
    '    at GetAddrInfoReqWrap.onlookupall [as oncomplete] (node:dns:122:26)\n' +
    '    at GetAddrInfoReqWrap.callbackTrampoline (node:internal/async_hooks:130:17)',
  hint: '',
  code: ''
}
Error fetching channel provider count: {
  message: 'TypeError: fetch failed',
  details: 'TypeError: fetch failed\n' +
    '\n' +
    'Caused by: Error: getaddrinfo ENOTFOUND example.supabase.co (ENOTFOUND)\n' +
    'Error: getaddrinfo ENOTFOUND example.supabase.co\n' +
    '    at GetAddrInfoReqWrap.onlookupall [as oncomplete] (node:dns:122:26)\n' +
    '    at GetAddrInfoReqWrap.callbackTrampoline (node:internal/async_hooks:130:17)',
  hint: '',
  code: ''
}
   Generating static pages (12/16) 
 ✓ Generating static pages (16/16)
   Finalizing page optimization ...
   Collecting build traces ...

Route (app)                              Size     First Load JS
┌ ○ /                                    337 B          96.4 kB
├ ○ /_not-found                          873 B          88.2 kB
├ ƒ /admin                               175 B          96.2 kB
├ ƒ /admin/catalog                       6.29 kB        93.6 kB
├ ƒ /admin/feedbacks                     3.22 kB        90.6 kB
├ ○ /admin/login                         1.81 kB        89.2 kB
├ ƒ /admin/offers                        4.76 kB        96.2 kB
├ ƒ /admin/platforms                     4.89 kB        92.2 kB
├ ƒ /admin/submissions                   3.5 kB         99.3 kB
├ ƒ /admin/targets                       6.14 kB         102 kB
├ ○ /card-products                       5.6 kB          102 kB
├ ● /card-products/[slug]                4.54 kB        95.6 kB
├ ○ /channels                            4.18 kB         100 kB
├ ƒ /channels/[id]                       2.34 kB        93.4 kB
├ ○ /robots.txt                          0 B                0 B
└ ○ /sitemap.xml                         0 B                0 B
+ First Load JS shared by all            87.3 kB
  ├ chunks/2200cc46-a78145fb494d5bfb.js  53.6 kB
  ├ chunks/945-3deb03314cb74243.js       31.7 kB
  └ other shared chunks (total)          1.99 kB


ƒ Middleware                             26.5 kB

○  (Static)   prerendered as static content
●  (SSG)      prerendered as static HTML (uses getStaticProps)
ƒ  (Dynamic)  server-rendered on demand

